[1.142s] Invoking command in '/home/ryu/ros2_ws/src/mypkg/robosys2023_2': PYTHONPATH=/home/ryu/ros2_ws/src/mypkg/robosys2023_2/build/mypkg/prefix_override:/home/ryu/ros2_ws/src/mypkg/robosys2023_2/install/mypkg/lib/python3.8/site-packages:${PYTHONPATH} /usr/bin/python3 setup.py egg_info --egg-base build/mypkg build --build-base /home/ryu/ros2_ws/src/mypkg/robosys2023_2/build/mypkg/build install --record /home/ryu/ros2_ws/src/mypkg/robosys2023_2/build/mypkg/install.log --install-scripts $base/lib/mypkg --single-version-externally-managed
[1.352s] running egg_info
[1.352s] creating build/mypkg/mypkg.egg-info
[1.353s] writing build/mypkg/mypkg.egg-info/PKG-INFO
[1.354s] writing dependency_links to build/mypkg/mypkg.egg-info/dependency_links.txt
[1.354s] writing entry points to build/mypkg/mypkg.egg-info/entry_points.txt
[1.355s] writing requirements to build/mypkg/mypkg.egg-info/requires.txt
[1.355s] writing top-level names to build/mypkg/mypkg.egg-info/top_level.txt
[1.358s] writing manifest file 'build/mypkg/mypkg.egg-info/SOURCES.txt'
[1.391s] reading manifest file 'build/mypkg/mypkg.egg-info/SOURCES.txt'
[1.392s] writing manifest file 'build/mypkg/mypkg.egg-info/SOURCES.txt'
[1.392s] running build
[1.392s] running build_py
[1.393s] creating /home/ryu/ros2_ws/src/mypkg/robosys2023_2/build/mypkg/build
[1.393s] creating /home/ryu/ros2_ws/src/mypkg/robosys2023_2/build/mypkg/build/lib
[1.393s] creating /home/ryu/ros2_ws/src/mypkg/robosys2023_2/build/mypkg/build/lib/mypkg
[1.394s] copying mypkg/talker.py -> /home/ryu/ros2_ws/src/mypkg/robosys2023_2/build/mypkg/build/lib/mypkg
[1.394s] copying mypkg/listener.py -> /home/ryu/ros2_ws/src/mypkg/robosys2023_2/build/mypkg/build/lib/mypkg
[1.394s] copying mypkg/__init__.py -> /home/ryu/ros2_ws/src/mypkg/robosys2023_2/build/mypkg/build/lib/mypkg
[1.394s] running install
[1.395s] running install_lib
[1.396s] creating /home/ryu/ros2_ws/src/mypkg/robosys2023_2/install/mypkg/lib/python3.8/site-packages/mypkg
[1.396s] copying /home/ryu/ros2_ws/src/mypkg/robosys2023_2/build/mypkg/build/lib/mypkg/talker.py -> /home/ryu/ros2_ws/src/mypkg/robosys2023_2/install/mypkg/lib/python3.8/site-packages/mypkg
[1.396s] copying /home/ryu/ros2_ws/src/mypkg/robosys2023_2/build/mypkg/build/lib/mypkg/listener.py -> /home/ryu/ros2_ws/src/mypkg/robosys2023_2/install/mypkg/lib/python3.8/site-packages/mypkg
[1.396s] copying /home/ryu/ros2_ws/src/mypkg/robosys2023_2/build/mypkg/build/lib/mypkg/__init__.py -> /home/ryu/ros2_ws/src/mypkg/robosys2023_2/install/mypkg/lib/python3.8/site-packages/mypkg
[1.397s] byte-compiling /home/ryu/ros2_ws/src/mypkg/robosys2023_2/install/mypkg/lib/python3.8/site-packages/mypkg/talker.py to talker.cpython-38.pyc
[1.398s] byte-compiling /home/ryu/ros2_ws/src/mypkg/robosys2023_2/install/mypkg/lib/python3.8/site-packages/mypkg/listener.py to listener.cpython-38.pyc
[1.399s] byte-compiling /home/ryu/ros2_ws/src/mypkg/robosys2023_2/install/mypkg/lib/python3.8/site-packages/mypkg/__init__.py to __init__.cpython-38.pyc
[1.399s] running install_data
[1.400s] creating /home/ryu/ros2_ws/src/mypkg/robosys2023_2/install/mypkg/share/ament_index
[1.400s] creating /home/ryu/ros2_ws/src/mypkg/robosys2023_2/install/mypkg/share/ament_index/resource_index
[1.400s] creating /home/ryu/ros2_ws/src/mypkg/robosys2023_2/install/mypkg/share/ament_index/resource_index/packages
[1.401s] copying resource/mypkg -> /home/ryu/ros2_ws/src/mypkg/robosys2023_2/install/mypkg/share/ament_index/resource_index/packages
[1.401s] copying package.xml -> /home/ryu/ros2_ws/src/mypkg/robosys2023_2/install/mypkg/share/mypkg
[1.401s] copying launch/talk_listen.launch.py -> /home/ryu/ros2_ws/src/mypkg/robosys2023_2/install/mypkg/share/mypkg
[1.401s] running install_egg_info
[1.402s] Copying build/mypkg/mypkg.egg-info to /home/ryu/ros2_ws/src/mypkg/robosys2023_2/install/mypkg/lib/python3.8/site-packages/mypkg-0.0.0-py3.8.egg-info
[1.404s] running install_scripts
[1.422s] Installing listener script to /home/ryu/ros2_ws/src/mypkg/robosys2023_2/install/mypkg/lib/mypkg
[1.423s] Installing talker script to /home/ryu/ros2_ws/src/mypkg/robosys2023_2/install/mypkg/lib/mypkg
[1.423s] writing list of installed files to '/home/ryu/ros2_ws/src/mypkg/robosys2023_2/build/mypkg/install.log'
[1.446s] Invoked command in '/home/ryu/ros2_ws/src/mypkg/robosys2023_2' returned '0': PYTHONPATH=/home/ryu/ros2_ws/src/mypkg/robosys2023_2/build/mypkg/prefix_override:/home/ryu/ros2_ws/src/mypkg/robosys2023_2/install/mypkg/lib/python3.8/site-packages:${PYTHONPATH} /usr/bin/python3 setup.py egg_info --egg-base build/mypkg build --build-base /home/ryu/ros2_ws/src/mypkg/robosys2023_2/build/mypkg/build install --record /home/ryu/ros2_ws/src/mypkg/robosys2023_2/build/mypkg/install.log --install-scripts $base/lib/mypkg --single-version-externally-managed
